Building DAG of jobs...
Using shell: /usr/bin/bash
Provided cores: 1 (use --cores to define parallelism)
Rules claiming more threads will be scaled down.
Job stats:
job                count    min threads    max threads
---------------  -------  -------------  -------------
all                    1              1              1
collate_outputs        1              1              1
total                  2              1              1

Select jobs to execute...

[Tue Dec 14 12:02:23 2021]
rule collate_outputs:
    input: Sample1.txt, Sample2.txt
    output: test.txt
    jobid: 1
    resources: tmpdir=/tmp

[Tue Dec 14 12:02:23 2021]
Finished job 1.
1 of 2 steps (50%) done
Select jobs to execute...

[Tue Dec 14 12:02:23 2021]
localrule all:
    input: test.txt
    jobid: 0
    resources: tmpdir=/tmp

[Tue Dec 14 12:02:23 2021]
Finished job 0.
2 of 2 steps (100%) done
Complete log: /mmfs1/scratch/yzz0191/pipeline/snakemake-example/.snakemake/log/2021-12-14T120223.031766.snakemake.log
