Building DAG of jobs...
Using shell: /usr/bin/bash
Provided cores: 1 (use --cores to define parallelism)
Rules claiming more threads will be scaled down.
Job stats:
job           count    min threads    max threads
----------  -------  -------------  -------------
all               1              1              1
plot_quals        1              1              1
total             2              1              1

Select jobs to execute...

[Tue Dec 14 21:19:30 2021]
rule plot_quals:
    input: calls/all.vcf
    output: plots/quals.svg
    jobid: 1
    resources: tmpdir=/tmp

[Tue Dec 14 21:19:38 2021]
Finished job 1.
1 of 2 steps (50%) done
Select jobs to execute...

[Tue Dec 14 21:19:38 2021]
localrule all:
    input: plots/quals.svg
    jobid: 0
    resources: tmpdir=/tmp

[Tue Dec 14 21:19:38 2021]
Finished job 0.
2 of 2 steps (100%) done
Complete log: /mmfs1/scratch/yzz0191/pipeline/snakemake-demo/.snakemake/log/2021-12-14T211923.111527.snakemake.log
