Building DAG of jobs...
Using shell: /usr/bin/bash
Provided cores: 1 (use --cores to define parallelism)
Rules claiming more threads will be scaled down.
Job stats:
job           count    min threads    max threads
----------  -------  -------------  -------------
all               1              1              1
plot_quals        1              1              1
total             2              1              1

Select jobs to execute...

[Tue Dec 14 21:08:14 2021]
rule plot_quals:
    input: calls/all.vcf
    output: plots/quals.svg
    jobid: 1
    resources: tmpdir=/tmp

[Tue Dec 14 21:08:14 2021]
Error in rule plot_quals:
    jobid: 1
    output: plots/quals.svg

RuleException:
CalledProcessError in line 44 of /mmfs1/scratch/yzz0191/pipeline/snakemake-demo/Snakefile:
Command 'set -euo pipefail;  /home/yzz0191/anaconda3/envs/snakemake/bin/python3.10 /mmfs1/scratch/yzz0191/pipeline/snakemake-demo/.snakemake/scripts/tmpi6jy6e6b.plot-quals.py' returned non-zero exit status 1.
  File "/mmfs1/scratch/yzz0191/pipeline/snakemake-demo/Snakefile", line 44, in __rule_plot_quals
  File "/home/yzz0191/anaconda3/envs/snakemake/lib/python3.10/concurrent/futures/thread.py", line 52, in run
Shutting down, this might take some time.
Exiting because a job execution failed. Look above for error message
Complete log: /mmfs1/scratch/yzz0191/pipeline/snakemake-demo/.snakemake/log/2021-12-14T210813.424869.snakemake.log
