Building DAG of jobs...
Using shell: /usr/bin/bash
Provided cores: 1 (use --cores to define parallelism)
Rules claiming more threads will be scaled down.
Job stats:
job              count    min threads    max threads
-------------  -------  -------------  -------------
all                  1              1              1
bcftools_call        1              1              1
plot_quals           1              1              1
total                3              1              1

Select jobs to execute...

[Tue Dec 14 21:05:46 2021]
rule bcftools_call:
    input: data/genome.fa, sorted_reads/A.bam, sorted_reads/B.bam, sorted_reads/A.bam.bai, sorted_reads/B.bam.bai
    output: calls/all.vcf
    jobid: 2
    resources: tmpdir=/tmp

[Tue Dec 14 21:05:47 2021]
Finished job 2.
1 of 3 steps (33%) done
Select jobs to execute...

[Tue Dec 14 21:05:47 2021]
rule plot_quals:
    input: calls/all.vcf
    output: plots/quals.svg
    jobid: 1
    resources: tmpdir=/tmp

[Tue Dec 14 21:05:47 2021]
Error in rule plot_quals:
    jobid: 1
    output: plots/quals.svg

RuleException:
WorkflowError in line 44 of /mmfs1/scratch/yzz0191/pipeline/snakemake-demo/workflow/Snakefile:
Failed to open source file /mmfs1/scratch/yzz0191/pipeline/snakemake-demo/workflow/scripts/plot-quals.py
FileNotFoundError: [Errno 2] No such file or directory: '/mmfs1/scratch/yzz0191/pipeline/snakemake-demo/workflow/scripts/plot-quals.py'
  File "/mmfs1/scratch/yzz0191/pipeline/snakemake-demo/workflow/Snakefile", line 44, in __rule_plot_quals
  File "/home/yzz0191/anaconda3/envs/snakemake/lib/python3.10/concurrent/futures/thread.py", line 52, in run
Shutting down, this might take some time.
Exiting because a job execution failed. Look above for error message
Complete log: /mmfs1/scratch/yzz0191/pipeline/snakemake-demo/.snakemake/log/2021-12-14T210538.275945.snakemake.log
